[debug] [2024-01-26T19:24:19.738Z] ----------------------------------------------------------------------
[debug] [2024-01-26T19:24:19.740Z] Command:       /opt/homebrew/Cellar/node/20.7.0/bin/node /opt/homebrew/bin/firebase emulators:start --only functions
[debug] [2024-01-26T19:24:19.740Z] CLI Version:   12.8.0
[debug] [2024-01-26T19:24:19.740Z] Platform:      darwin
[debug] [2024-01-26T19:24:19.740Z] Node Version:  v20.7.0
[debug] [2024-01-26T19:24:19.740Z] Time:          Fri Jan 26 2024 11:24:19 GMT-0800 (Pacific Standard Time)
[debug] [2024-01-26T19:24:19.740Z] ----------------------------------------------------------------------
[debug] 
[debug] [2024-01-26T19:24:19.796Z] > command requires scopes: ["email","openid","https://www.googleapis.com/auth/cloudplatformprojects.readonly","https://www.googleapis.com/auth/firebase","https://www.googleapis.com/auth/cloud-platform"]
[debug] [2024-01-26T19:24:19.797Z] > authorizing via signed-in user (vladislav.zakharov.work@gmail.com)
[info] i  emulators: Starting emulators: functions {"metadata":{"emulator":{"name":"hub"},"message":"Starting emulators: functions"}}
[debug] [2024-01-26T19:24:20.006Z] [logging] Logging Emulator only supports listening on one address (127.0.0.1). Not listening on ::1
[debug] [2024-01-26T19:24:20.006Z] assigned listening specs for emulators {"user":{"hub":[{"address":"127.0.0.1","family":"IPv4","port":4400},{"address":"::1","family":"IPv6","port":4400}],"ui":[{"address":"127.0.0.1","family":"IPv4","port":4000},{"address":"::1","family":"IPv6","port":4000}],"logging":[{"address":"127.0.0.1","family":"IPv4","port":4500}]},"metadata":{"message":"assigned listening specs for emulators"}}
[debug] [2024-01-26T19:24:20.009Z] [hub] writing locator at /var/folders/7r/_xscv_jj70z58lvz0hcb74h40000gn/T/hub-locus-68ed2.json
[debug] [2024-01-26T19:24:20.153Z] [functions] Functions Emulator only supports listening on one address (127.0.0.1). Not listening on ::1
[debug] [2024-01-26T19:24:20.154Z] [eventarc] Eventarc Emulator only supports listening on one address (127.0.0.1). Not listening on ::1
[debug] [2024-01-26T19:24:20.154Z] late-assigned ports for functions and eventarc emulators {"user":{"hub":[{"address":"127.0.0.1","family":"IPv4","port":4400},{"address":"::1","family":"IPv6","port":4400}],"ui":[{"address":"127.0.0.1","family":"IPv4","port":4000},{"address":"::1","family":"IPv6","port":4000}],"logging":[{"address":"127.0.0.1","family":"IPv4","port":4500}],"functions":[{"address":"127.0.0.1","family":"IPv4","port":5001}],"eventarc":[{"address":"127.0.0.1","family":"IPv4","port":9299}]},"metadata":{"message":"late-assigned ports for functions and eventarc emulators"}}
[warn] ⚠  functions: The following emulators are not running, calls to these services from the Functions emulator will affect production: auth, firestore, database, hosting, pubsub, storage {"metadata":{"emulator":{"name":"functions"},"message":"The following emulators are not running, calls to these services from the Functions emulator will affect production: \u001b[1mauth, firestore, database, hosting, pubsub, storage\u001b[22m"}}
[debug] [2024-01-26T19:24:20.155Z] defaultcredentials: writing to file /Users/vlad/.config/firebase/vladislav_zakharov.work_gmail.com_application_default_credentials.json
[debug] [2024-01-26T19:24:20.160Z] Setting GAC to /Users/vlad/.config/firebase/vladislav_zakharov.work_gmail.com_application_default_credentials.json {"metadata":{"emulator":{"name":"functions"},"message":"Setting GAC to /Users/vlad/.config/firebase/vladislav_zakharov.work_gmail.com_application_default_credentials.json"}}
[debug] [2024-01-26T19:24:20.161Z] >>> [apiv2][query] GET https://firebase.googleapis.com/v1beta1/projects/locus-68ed2/adminSdkConfig [none]
[debug] [2024-01-26T19:24:20.609Z] <<< [apiv2][status] GET https://firebase.googleapis.com/v1beta1/projects/locus-68ed2/adminSdkConfig 200
[debug] [2024-01-26T19:24:20.610Z] <<< [apiv2][body] GET https://firebase.googleapis.com/v1beta1/projects/locus-68ed2/adminSdkConfig {"projectId":"locus-68ed2","databaseURL":"https://locus-68ed2-default-rtdb.firebaseio.com","storageBucket":"locus-68ed2.appspot.com","locationId":"us-central"}
[debug] [2024-01-26T19:24:20.630Z] Ignoring unsupported arg: auto_download {"metadata":{"emulator":{"name":"ui"},"message":"Ignoring unsupported arg: auto_download"}}
[debug] [2024-01-26T19:24:20.630Z] Ignoring unsupported arg: port {"metadata":{"emulator":{"name":"ui"},"message":"Ignoring unsupported arg: port"}}
[debug] [2024-01-26T19:24:20.630Z] Starting Emulator UI with command {"binary":"node","args":["/Users/vlad/.cache/firebase/emulators/ui-v1.11.7/server/server.js"],"optionalArgs":[],"joinArgs":false} {"metadata":{"emulator":{"name":"ui"},"message":"Starting Emulator UI with command {\"binary\":\"node\",\"args\":[\"/Users/vlad/.cache/firebase/emulators/ui-v1.11.7/server/server.js\"],\"optionalArgs\":[],\"joinArgs\":false}"}}
[info] i  ui: Emulator UI logging to ui-debug.log {"metadata":{"emulator":{"name":"ui"},"message":"Emulator UI logging to \u001b[1mui-debug.log\u001b[22m"}}
[debug] [2024-01-26T19:24:20.700Z] Web / API server started at 127.0.0.1:4000
 {"metadata":{"emulator":{"name":"ui"},"message":"Web / API server started at 127.0.0.1:4000\n"}}
[debug] [2024-01-26T19:24:20.701Z] Web / API server started at ::1:4000
 {"metadata":{"emulator":{"name":"ui"},"message":"Web / API server started at ::1:4000\n"}}
[info] i  functions: Watching "/Users/vlad/Desktop/locus/functions" for Cloud Functions... {"metadata":{"emulator":{"name":"functions"},"message":"Watching \"/Users/vlad/Desktop/locus/functions\" for Cloud Functions..."}}
[debug] [2024-01-26T19:24:20.893Z] Validating nodejs source
[warn] ⚠  functions: package.json indicates an outdated version of firebase-functions. Please upgrade using npm install --save firebase-functions@latest in your functions directory. 
[debug] [2024-01-26T19:24:21.256Z] > [functions] package.json contents: {
  "name": "functions",
  "scripts": {
    "lint": "eslint --ext .js,.ts .",
    "build": "tsc",
    "build:watch": "tsc --watch",
    "serve": "npm run build && firebase emulators:start --only functions",
    "shell": "npm run build && firebase functions:shell",
    "start": "npm run shell",
    "deploy": "firebase deploy --only functions",
    "logs": "firebase functions:log"
  },
  "engines": {
    "node": "18"
  },
  "main": "lib/index.js",
  "dependencies": {
    "firebase-admin": "^11.8.0",
    "firebase-functions": "^4.3.1"
  },
  "devDependencies": {
    "@typescript-eslint/eslint-plugin": "^5.12.0",
    "@typescript-eslint/parser": "^5.12.0",
    "eslint": "^8.9.0",
    "eslint-config-google": "^0.14.0",
    "eslint-plugin-import": "^2.25.4",
    "firebase-functions-test": "^3.1.0",
    "typescript": "^4.9.0"
  },
  "private": true
}
[debug] [2024-01-26T19:24:21.256Z] Building nodejs source
[debug] [2024-01-26T19:24:21.257Z] Failed to find version of module node: reached end of search path /Users/vlad/Desktop/locus/functions/node_modules
[warn] ⚠  functions: Your requested "node" version "18" doesn't match your global version "20". Using node@20 from host. 
[debug] [2024-01-26T19:24:21.258Z] Could not find functions.yaml. Must use http discovery
[debug] [2024-01-26T19:24:21.262Z] Found firebase-functions binary at '/Users/vlad/Desktop/locus/functions/node_modules/.bin/firebase-functions'
[info] Serving at port 8145

[debug] [2024-01-26T19:24:21.384Z] Got response from /__/functions.yaml {"endpoints":{"counterInteractionsUpdateDaily":{"availableMemoryMb":null,"timeoutSeconds":null,"minInstances":null,"maxInstances":null,"ingressSettings":null,"concurrency":null,"serviceAccountEmail":null,"vpc":null,"platform":"gcfv2","labels":{},"scheduleTrigger":{"schedule":"every day 03:00","retryConfig":{"retryCount":null,"maxDoublings":null,"maxRetrySeconds":null,"minBackoffSeconds":null,"maxBackoffSeconds":null},"timeZone":null},"entryPoint":"counterInteractionsUpdateDaily"},"testCounterInteractionsUpdateDaily":{"availableMemoryMb":null,"timeoutSeconds":null,"minInstances":null,"maxInstances":null,"ingressSettings":null,"concurrency":null,"serviceAccountEmail":null,"vpc":null,"platform":"gcfv2","labels":{},"httpsTrigger":{},"entryPoint":"testCounterInteractionsUpdateDaily"}},"specVersion":"v1alpha1","requiredAPIs":[{"api":"cloudscheduler.googleapis.com","reason":"Needed for scheduled functions."}]}
[info] ✔  functions: Loaded functions definitions from source: counterInteractionsUpdateDaily, testCounterInteractionsUpdateDaily. {"metadata":{"emulator":{"name":"functions"},"message":"Loaded functions definitions from source: counterInteractionsUpdateDaily, testCounterInteractionsUpdateDaily."}}
[info] i  functions[us-central1-counterInteractionsUpdateDaily]: function ignored because the pubsub emulator does not exist or is not running. {"metadata":{"emulator":{"name":"functions"},"message":"function ignored because the pubsub emulator does not exist or is not running."}}
[info] ✔  functions[us-central1-testCounterInteractionsUpdateDaily]: http function initialized (http://127.0.0.1:5001/locus-68ed2/us-central1/testCounterInteractionsUpdateDaily). {"metadata":{"emulator":{"name":"functions"},"message":"\u001b[1mhttp\u001b[22m function initialized (http://127.0.0.1:5001/locus-68ed2/us-central1/testCounterInteractionsUpdateDaily)."}}
[info] 
┌─────────────────────────────────────────────────────────────┐
│ ✔  All emulators ready! It is now safe to connect your app. │
│ i  View Emulator UI at http://127.0.0.1:4000/               │
└─────────────────────────────────────────────────────────────┘

┌───────────┬────────────────┬─────────────────────────────────┐
│ Emulator  │ Host:Port      │ View in Emulator UI             │
├───────────┼────────────────┼─────────────────────────────────┤
│ Functions │ 127.0.0.1:5001 │ http://127.0.0.1:4000/functions │
└───────────┴────────────────┴─────────────────────────────────┘
  Emulator Hub running at 127.0.0.1:4400
  Other reserved ports: 4500

Issues? Report them at https://github.com/firebase/firebase-tools/issues and attach the *-debug.log files.
 
[debug] [2024-01-26T21:02:48.645Z] [work-queue] {"queuedWork":["/locus-68ed2/us-central1/testCounterInteractionsUpdateDaily-2024-01-26T21:02:48.645Z"],"queueLength":1,"runningWork":[],"workRunningCount":0}
[debug] [2024-01-26T21:02:48.647Z] [work-queue] {"queuedWork":[],"queueLength":0,"runningWork":["/locus-68ed2/us-central1/testCounterInteractionsUpdateDaily-2024-01-26T21:02:48.645Z"],"workRunningCount":1}
[debug] [2024-01-26T21:02:48.648Z] Accepted request GET /locus-68ed2/us-central1/testCounterInteractionsUpdateDaily --> us-central1-testCounterInteractionsUpdateDaily
[debug] [2024-01-26T21:02:48.655Z] [functions] Runtime ready! Sending request! {"metadata":{"emulator":{"name":"functions"},"message":"[functions] Runtime ready! Sending request!"}}
[debug] [2024-01-26T21:02:48.657Z] [functions] Got req.url=/locus-68ed2/us-central1/testCounterInteractionsUpdateDaily, mapping to path=/ {"metadata":{"emulator":{"name":"functions"},"message":"[functions] Got req.url=/locus-68ed2/us-central1/testCounterInteractionsUpdateDaily, mapping to path=/"}}
[debug] [2024-01-26T21:02:48.667Z] [worker-pool] addWorker(us-central1-testCounterInteractionsUpdateDaily) {"metadata":{"emulator":{"name":"functions"},"message":"[worker-pool] addWorker(us-central1-testCounterInteractionsUpdateDaily)"}}
[debug] [2024-01-26T21:02:48.668Z] [worker-pool] Adding worker with key us-central1-testCounterInteractionsUpdateDaily, total=1 {"metadata":{"emulator":{"name":"functions"},"message":"[worker-pool] Adding worker with key us-central1-testCounterInteractionsUpdateDaily, total=1"}}
[debug] [2024-01-26T21:02:49.363Z] [runtime-status] [4065] Resolved module firebase-admin {"declared":true,"installed":true,"version":"11.11.0","resolution":"/Users/vlad/Desktop/locus/functions/node_modules/firebase-admin/lib/index.js"} {"metadata":{"emulator":{"name":"functions"},"function":{"name":"us-central1-testCounterInteractionsUpdateDaily"},"extension":{},"message":"[runtime-status] [4065] Resolved module firebase-admin {\"declared\":true,\"installed\":true,\"version\":\"11.11.0\",\"resolution\":\"/Users/vlad/Desktop/locus/functions/node_modules/firebase-admin/lib/index.js\"}"}}
[debug] [2024-01-26T21:02:49.364Z] [runtime-status] [4065] Resolved module firebase-functions {"declared":true,"installed":true,"version":"4.5.0","resolution":"/Users/vlad/Desktop/locus/functions/node_modules/firebase-functions/lib/v1/index.js"} {"metadata":{"emulator":{"name":"functions"},"function":{"name":"us-central1-testCounterInteractionsUpdateDaily"},"extension":{},"message":"[runtime-status] [4065] Resolved module firebase-functions {\"declared\":true,\"installed\":true,\"version\":\"4.5.0\",\"resolution\":\"/Users/vlad/Desktop/locus/functions/node_modules/firebase-functions/lib/v1/index.js\"}"}}
[debug] [2024-01-26T21:02:49.364Z] [runtime-status] [4065] Outgoing network have been stubbed. [{"name":"http","status":"mocked"},{"name":"http","status":"mocked"},{"name":"https","status":"mocked"},{"name":"https","status":"mocked"},{"name":"net","status":"mocked"}] {"metadata":{"emulator":{"name":"functions"},"function":{"name":"us-central1-testCounterInteractionsUpdateDaily"},"extension":{},"message":"[runtime-status] [4065] Outgoing network have been stubbed. [{\"name\":\"http\",\"status\":\"mocked\"},{\"name\":\"http\",\"status\":\"mocked\"},{\"name\":\"https\",\"status\":\"mocked\"},{\"name\":\"https\",\"status\":\"mocked\"},{\"name\":\"net\",\"status\":\"mocked\"}]"}}
[debug] [2024-01-26T21:02:49.365Z] [runtime-status] [4065] Resolved module firebase-functions {"declared":true,"installed":true,"version":"4.5.0","resolution":"/Users/vlad/Desktop/locus/functions/node_modules/firebase-functions/lib/v1/index.js"} {"metadata":{"emulator":{"name":"functions"},"function":{"name":"us-central1-testCounterInteractionsUpdateDaily"},"extension":{},"message":"[runtime-status] [4065] Resolved module firebase-functions {\"declared\":true,\"installed\":true,\"version\":\"4.5.0\",\"resolution\":\"/Users/vlad/Desktop/locus/functions/node_modules/firebase-functions/lib/v1/index.js\"}"}}
[debug] [2024-01-26T21:02:49.528Z] [runtime-status] [4065] Checked functions.config() {"config":{}} {"metadata":{"emulator":{"name":"functions"},"function":{"name":"us-central1-testCounterInteractionsUpdateDaily"},"extension":{},"message":"[runtime-status] [4065] Checked functions.config() {\"config\":{}}"}}
[debug] [2024-01-26T21:02:49.528Z] [runtime-status] [4065] firebase-functions has been stubbed. {"functionsResolution":{"declared":true,"installed":true,"version":"4.5.0","resolution":"/Users/vlad/Desktop/locus/functions/node_modules/firebase-functions/lib/v1/index.js"}} {"metadata":{"emulator":{"name":"functions"},"function":{"name":"us-central1-testCounterInteractionsUpdateDaily"},"extension":{},"message":"[runtime-status] [4065] firebase-functions has been stubbed. {\"functionsResolution\":{\"declared\":true,\"installed\":true,\"version\":\"4.5.0\",\"resolution\":\"/Users/vlad/Desktop/locus/functions/node_modules/firebase-functions/lib/v1/index.js\"}}"}}
[debug] [2024-01-26T21:02:49.528Z] [runtime-status] [4065] Resolved module firebase-functions {"declared":true,"installed":true,"version":"4.5.0","resolution":"/Users/vlad/Desktop/locus/functions/node_modules/firebase-functions/lib/v1/index.js"} {"metadata":{"emulator":{"name":"functions"},"function":{"name":"us-central1-testCounterInteractionsUpdateDaily"},"extension":{},"message":"[runtime-status] [4065] Resolved module firebase-functions {\"declared\":true,\"installed\":true,\"version\":\"4.5.0\",\"resolution\":\"/Users/vlad/Desktop/locus/functions/node_modules/firebase-functions/lib/v1/index.js\"}"}}
[debug] [2024-01-26T21:02:49.529Z] [runtime-status] [4065] Resolved module firebase-admin {"declared":true,"installed":true,"version":"11.11.0","resolution":"/Users/vlad/Desktop/locus/functions/node_modules/firebase-admin/lib/index.js"} {"metadata":{"emulator":{"name":"functions"},"function":{"name":"us-central1-testCounterInteractionsUpdateDaily"},"extension":{},"message":"[runtime-status] [4065] Resolved module firebase-admin {\"declared\":true,\"installed\":true,\"version\":\"11.11.0\",\"resolution\":\"/Users/vlad/Desktop/locus/functions/node_modules/firebase-admin/lib/index.js\"}"}}
[debug] [2024-01-26T21:02:49.530Z] [runtime-status] [4065] Resolved module firebase-functions {"declared":true,"installed":true,"version":"4.5.0","resolution":"/Users/vlad/Desktop/locus/functions/node_modules/firebase-functions/lib/v1/index.js"} {"metadata":{"emulator":{"name":"functions"},"function":{"name":"us-central1-testCounterInteractionsUpdateDaily"},"extension":{},"message":"[runtime-status] [4065] Resolved module firebase-functions {\"declared\":true,\"installed\":true,\"version\":\"4.5.0\",\"resolution\":\"/Users/vlad/Desktop/locus/functions/node_modules/firebase-functions/lib/v1/index.js\"}"}}
[debug] [2024-01-26T21:02:49.530Z] [runtime-status] [4065] firebase-admin has been stubbed. {"adminResolution":{"declared":true,"installed":true,"version":"11.11.0","resolution":"/Users/vlad/Desktop/locus/functions/node_modules/firebase-admin/lib/index.js"}} {"metadata":{"emulator":{"name":"functions"},"function":{"name":"us-central1-testCounterInteractionsUpdateDaily"},"extension":{},"message":"[runtime-status] [4065] firebase-admin has been stubbed. {\"adminResolution\":{\"declared\":true,\"installed\":true,\"version\":\"11.11.0\",\"resolution\":\"/Users/vlad/Desktop/locus/functions/node_modules/firebase-admin/lib/index.js\"}}"}}
[debug] [2024-01-26T21:02:49.537Z] [runtime-status] [4065] Functions runtime initialized. {"cwd":"/Users/vlad/Desktop/locus/functions","node_version":"20.7.0"} {"metadata":{"emulator":{"name":"functions"},"function":{"name":"us-central1-testCounterInteractionsUpdateDaily"},"extension":{},"message":"[runtime-status] [4065] Functions runtime initialized. {\"cwd\":\"/Users/vlad/Desktop/locus/functions\",\"node_version\":\"20.7.0\"}"}}
[debug] [2024-01-26T21:02:49.537Z] [runtime-status] [4065] Listening to port: /var/folders/7r/_xscv_jj70z58lvz0hcb74h40000gn/T/fire_emu_de314b072074fbbf.sock {"metadata":{"emulator":{"name":"functions"},"function":{"name":"us-central1-testCounterInteractionsUpdateDaily"},"extension":{},"message":"[runtime-status] [4065] Listening to port: /var/folders/7r/_xscv_jj70z58lvz0hcb74h40000gn/T/fire_emu_de314b072074fbbf.sock"}}
[debug] [2024-01-26T21:02:49.586Z] [worker-us-central1-testCounterInteractionsUpdateDaily-8ac0f7cb-ad0a-47ed-9197-dac3d51a713e]: IDLE {"metadata":{"emulator":{"name":"functions"},"function":{"name":"us-central1-testCounterInteractionsUpdateDaily"},"extension":{},"message":"[worker-us-central1-testCounterInteractionsUpdateDaily-8ac0f7cb-ad0a-47ed-9197-dac3d51a713e]: IDLE"}}
[debug] [2024-01-26T21:02:49.586Z] [worker-pool] submitRequest(triggerId=us-central1-testCounterInteractionsUpdateDaily) {"metadata":{"emulator":{"name":"functions"},"message":"[worker-pool] submitRequest(triggerId=us-central1-testCounterInteractionsUpdateDaily)"}}
[info] i  functions: Beginning execution of "us-central1-testCounterInteractionsUpdateDaily" {"metadata":{"emulator":{"name":"functions"},"function":{"name":"us-central1-testCounterInteractionsUpdateDaily"},"extension":{},"message":"Beginning execution of \"us-central1-testCounterInteractionsUpdateDaily\""}}
[debug] [2024-01-26T21:02:49.587Z] [worker-us-central1-testCounterInteractionsUpdateDaily-8ac0f7cb-ad0a-47ed-9197-dac3d51a713e]: BUSY {"metadata":{"emulator":{"name":"functions"},"function":{"name":"us-central1-testCounterInteractionsUpdateDaily"},"extension":{},"message":"[worker-us-central1-testCounterInteractionsUpdateDaily-8ac0f7cb-ad0a-47ed-9197-dac3d51a713e]: BUSY"}}
[debug] [2024-01-26T21:02:49.589Z] Finishing up request with event=pause {"metadata":{"emulator":{"name":"functions"},"function":{"name":"us-central1-testCounterInteractionsUpdateDaily"},"extension":{},"message":"Finishing up request with event=pause"}}
[info] i  functions: Finished "us-central1-testCounterInteractionsUpdateDaily" in 2.703208ms {"metadata":{"emulator":{"name":"functions"},"function":{"name":"us-central1-testCounterInteractionsUpdateDaily"},"extension":{},"message":"Finished \"us-central1-testCounterInteractionsUpdateDaily\" in 2.703208ms"}}
[debug] [2024-01-26T21:02:49.590Z] [worker-us-central1-testCounterInteractionsUpdateDaily-8ac0f7cb-ad0a-47ed-9197-dac3d51a713e]: IDLE {"metadata":{"emulator":{"name":"functions"},"function":{"name":"us-central1-testCounterInteractionsUpdateDaily"},"extension":{},"message":"[worker-us-central1-testCounterInteractionsUpdateDaily-8ac0f7cb-ad0a-47ed-9197-dac3d51a713e]: IDLE"}}
[debug] [2024-01-26T21:02:49.590Z] Finishing up request with event=finish {"metadata":{"emulator":{"name":"functions"},"function":{"name":"us-central1-testCounterInteractionsUpdateDaily"},"extension":{},"message":"Finishing up request with event=finish"}}
[debug] [2024-01-26T21:02:49.590Z] Finishing up request with event=close {"metadata":{"emulator":{"name":"functions"},"function":{"name":"us-central1-testCounterInteractionsUpdateDaily"},"extension":{},"message":"Finishing up request with event=close"}}
[debug] [2024-01-26T21:02:49.590Z] [work-queue] {"queuedWork":[],"queueLength":0,"runningWork":[],"workRunningCount":0}
[debug] [2024-01-26T21:03:48.820Z] [work-queue] {"queuedWork":["/locus-68ed2/us-central1/testCounterInteractionsUpdateDaily-2024-01-26T21:03:48.820Z"],"queueLength":1,"runningWork":[],"workRunningCount":0}
[debug] [2024-01-26T21:03:48.822Z] [work-queue] {"queuedWork":[],"queueLength":0,"runningWork":["/locus-68ed2/us-central1/testCounterInteractionsUpdateDaily-2024-01-26T21:03:48.820Z"],"workRunningCount":1}
[debug] [2024-01-26T21:03:48.822Z] Accepted request GET /locus-68ed2/us-central1/testCounterInteractionsUpdateDaily --> us-central1-testCounterInteractionsUpdateDaily
[debug] [2024-01-26T21:03:48.832Z] [functions] Runtime ready! Sending request! {"metadata":{"emulator":{"name":"functions"},"message":"[functions] Runtime ready! Sending request!"}}
[debug] [2024-01-26T21:03:48.833Z] [functions] Got req.url=/locus-68ed2/us-central1/testCounterInteractionsUpdateDaily, mapping to path=/ {"metadata":{"emulator":{"name":"functions"},"message":"[functions] Got req.url=/locus-68ed2/us-central1/testCounterInteractionsUpdateDaily, mapping to path=/"}}
[debug] [2024-01-26T21:03:48.833Z] [worker-pool] submitRequest(triggerId=us-central1-testCounterInteractionsUpdateDaily) {"metadata":{"emulator":{"name":"functions"},"message":"[worker-pool] submitRequest(triggerId=us-central1-testCounterInteractionsUpdateDaily)"}}
[info] i  functions: Beginning execution of "us-central1-testCounterInteractionsUpdateDaily" {"metadata":{"emulator":{"name":"functions"},"function":{"name":"us-central1-testCounterInteractionsUpdateDaily"},"extension":{},"message":"Beginning execution of \"us-central1-testCounterInteractionsUpdateDaily\""}}
[debug] [2024-01-26T21:03:48.835Z] [worker-us-central1-testCounterInteractionsUpdateDaily-8ac0f7cb-ad0a-47ed-9197-dac3d51a713e]: BUSY {"metadata":{"emulator":{"name":"functions"},"function":{"name":"us-central1-testCounterInteractionsUpdateDaily"},"extension":{},"message":"[worker-us-central1-testCounterInteractionsUpdateDaily-8ac0f7cb-ad0a-47ed-9197-dac3d51a713e]: BUSY"}}
[debug] [2024-01-26T21:03:48.845Z] Finishing up request with event=pause {"metadata":{"emulator":{"name":"functions"},"function":{"name":"us-central1-testCounterInteractionsUpdateDaily"},"extension":{},"message":"Finishing up request with event=pause"}}
[info] i  functions: Finished "us-central1-testCounterInteractionsUpdateDaily" in 10.227167ms {"metadata":{"emulator":{"name":"functions"},"function":{"name":"us-central1-testCounterInteractionsUpdateDaily"},"extension":{},"message":"Finished \"us-central1-testCounterInteractionsUpdateDaily\" in 10.227167ms"}}
[debug] [2024-01-26T21:03:48.846Z] [worker-us-central1-testCounterInteractionsUpdateDaily-8ac0f7cb-ad0a-47ed-9197-dac3d51a713e]: IDLE {"metadata":{"emulator":{"name":"functions"},"function":{"name":"us-central1-testCounterInteractionsUpdateDaily"},"extension":{},"message":"[worker-us-central1-testCounterInteractionsUpdateDaily-8ac0f7cb-ad0a-47ed-9197-dac3d51a713e]: IDLE"}}
[debug] [2024-01-26T21:03:48.846Z] Finishing up request with event=finish {"metadata":{"emulator":{"name":"functions"},"function":{"name":"us-central1-testCounterInteractionsUpdateDaily"},"extension":{},"message":"Finishing up request with event=finish"}}
[debug] [2024-01-26T21:03:48.846Z] Finishing up request with event=close {"metadata":{"emulator":{"name":"functions"},"function":{"name":"us-central1-testCounterInteractionsUpdateDaily"},"extension":{},"message":"Finishing up request with event=close"}}
[debug] [2024-01-26T21:03:48.846Z] [work-queue] {"queuedWork":[],"queueLength":0,"runningWork":[],"workRunningCount":0}
[debug] [2024-01-26T21:04:06.097Z] [work-queue] {"queuedWork":["/locus-68ed2/us-central1/testCounterInteractionsUpdateDaily-2024-01-26T21:04:06.096Z"],"queueLength":1,"runningWork":[],"workRunningCount":0}
[debug] [2024-01-26T21:04:06.097Z] [work-queue] {"queuedWork":[],"queueLength":0,"runningWork":["/locus-68ed2/us-central1/testCounterInteractionsUpdateDaily-2024-01-26T21:04:06.096Z"],"workRunningCount":1}
[debug] [2024-01-26T21:04:06.097Z] Accepted request GET /locus-68ed2/us-central1/testCounterInteractionsUpdateDaily --> us-central1-testCounterInteractionsUpdateDaily
[debug] [2024-01-26T21:04:06.102Z] [functions] Runtime ready! Sending request! {"metadata":{"emulator":{"name":"functions"},"message":"[functions] Runtime ready! Sending request!"}}
[debug] [2024-01-26T21:04:06.103Z] [functions] Got req.url=/locus-68ed2/us-central1/testCounterInteractionsUpdateDaily, mapping to path=/ {"metadata":{"emulator":{"name":"functions"},"message":"[functions] Got req.url=/locus-68ed2/us-central1/testCounterInteractionsUpdateDaily, mapping to path=/"}}
[debug] [2024-01-26T21:04:06.103Z] [worker-pool] submitRequest(triggerId=us-central1-testCounterInteractionsUpdateDaily) {"metadata":{"emulator":{"name":"functions"},"message":"[worker-pool] submitRequest(triggerId=us-central1-testCounterInteractionsUpdateDaily)"}}
[info] i  functions: Beginning execution of "us-central1-testCounterInteractionsUpdateDaily" {"metadata":{"emulator":{"name":"functions"},"function":{"name":"us-central1-testCounterInteractionsUpdateDaily"},"extension":{},"message":"Beginning execution of \"us-central1-testCounterInteractionsUpdateDaily\""}}
[debug] [2024-01-26T21:04:06.105Z] [worker-us-central1-testCounterInteractionsUpdateDaily-8ac0f7cb-ad0a-47ed-9197-dac3d51a713e]: BUSY {"metadata":{"emulator":{"name":"functions"},"function":{"name":"us-central1-testCounterInteractionsUpdateDaily"},"extension":{},"message":"[worker-us-central1-testCounterInteractionsUpdateDaily-8ac0f7cb-ad0a-47ed-9197-dac3d51a713e]: BUSY"}}
[debug] [2024-01-26T21:04:06.115Z] Finishing up request with event=pause {"metadata":{"emulator":{"name":"functions"},"function":{"name":"us-central1-testCounterInteractionsUpdateDaily"},"extension":{},"message":"Finishing up request with event=pause"}}
[info] i  functions: Finished "us-central1-testCounterInteractionsUpdateDaily" in 11.023458ms {"metadata":{"emulator":{"name":"functions"},"function":{"name":"us-central1-testCounterInteractionsUpdateDaily"},"extension":{},"message":"Finished \"us-central1-testCounterInteractionsUpdateDaily\" in 11.023458ms"}}
[debug] [2024-01-26T21:04:06.116Z] [worker-us-central1-testCounterInteractionsUpdateDaily-8ac0f7cb-ad0a-47ed-9197-dac3d51a713e]: IDLE {"metadata":{"emulator":{"name":"functions"},"function":{"name":"us-central1-testCounterInteractionsUpdateDaily"},"extension":{},"message":"[worker-us-central1-testCounterInteractionsUpdateDaily-8ac0f7cb-ad0a-47ed-9197-dac3d51a713e]: IDLE"}}
[debug] [2024-01-26T21:04:06.117Z] Finishing up request with event=finish {"metadata":{"emulator":{"name":"functions"},"function":{"name":"us-central1-testCounterInteractionsUpdateDaily"},"extension":{},"message":"Finishing up request with event=finish"}}
[debug] [2024-01-26T21:04:06.117Z] Finishing up request with event=close {"metadata":{"emulator":{"name":"functions"},"function":{"name":"us-central1-testCounterInteractionsUpdateDaily"},"extension":{},"message":"Finishing up request with event=close"}}
[debug] [2024-01-26T21:04:06.117Z] [work-queue] {"queuedWork":[],"queueLength":0,"runningWork":[],"workRunningCount":0}
[debug] [2024-01-26T21:04:57.411Z] File /Users/vlad/Desktop/locus/functions/src/index.ts changed, reloading triggers {"metadata":{"emulator":{"name":"functions"},"message":"File /Users/vlad/Desktop/locus/functions/src/index.ts changed, reloading triggers"}}
[debug] [2024-01-26T21:04:58.416Z] Validating nodejs source
[warn] ⚠  functions: package.json indicates an outdated version of firebase-functions. Please upgrade using npm install --save firebase-functions@latest in your functions directory. 
[debug] [2024-01-26T21:04:58.931Z] > [functions] package.json contents: {
  "name": "functions",
  "scripts": {
    "lint": "eslint --ext .js,.ts .",
    "build": "tsc",
    "build:watch": "tsc --watch",
    "serve": "npm run build && firebase emulators:start --only functions",
    "shell": "npm run build && firebase functions:shell",
    "start": "npm run shell",
    "deploy": "firebase deploy --only functions",
    "logs": "firebase functions:log"
  },
  "engines": {
    "node": "18"
  },
  "main": "lib/index.js",
  "dependencies": {
    "firebase-admin": "^11.8.0",
    "firebase-functions": "^4.3.1"
  },
  "devDependencies": {
    "@typescript-eslint/eslint-plugin": "^5.12.0",
    "@typescript-eslint/parser": "^5.12.0",
    "eslint": "^8.9.0",
    "eslint-config-google": "^0.14.0",
    "eslint-plugin-import": "^2.25.4",
    "firebase-functions-test": "^3.1.0",
    "typescript": "^4.9.0"
  },
  "private": true
}
[debug] [2024-01-26T21:04:58.931Z] Building nodejs source
[debug] [2024-01-26T21:04:58.931Z] Failed to find version of module node: reached end of search path /Users/vlad/Desktop/locus/functions/node_modules
[warn] ⚠  functions: Your requested "node" version "18" doesn't match your global version "20". Using node@20 from host. 
[debug] [2024-01-26T21:04:58.931Z] Could not find functions.yaml. Must use http discovery
[debug] [2024-01-26T21:04:58.933Z] Found firebase-functions binary at '/Users/vlad/Desktop/locus/functions/node_modules/.bin/firebase-functions'
[info] Serving at port 8634

[debug] [2024-01-26T21:04:59.146Z] Got response from /__/functions.yaml {"endpoints":{"counterInteractionsUpdateDaily":{"availableMemoryMb":null,"timeoutSeconds":null,"minInstances":null,"maxInstances":null,"ingressSettings":null,"concurrency":null,"serviceAccountEmail":null,"vpc":null,"platform":"gcfv2","labels":{},"scheduleTrigger":{"schedule":"every day 03:00","retryConfig":{"retryCount":null,"maxDoublings":null,"maxRetrySeconds":null,"minBackoffSeconds":null,"maxBackoffSeconds":null},"timeZone":null},"entryPoint":"counterInteractionsUpdateDaily"},"testCounterInteractionsUpdateDaily":{"availableMemoryMb":null,"timeoutSeconds":null,"minInstances":null,"maxInstances":null,"ingressSettings":null,"concurrency":null,"serviceAccountEmail":null,"vpc":null,"platform":"gcfv2","labels":{},"httpsTrigger":{},"entryPoint":"testCounterInteractionsUpdateDaily"}},"specVersion":"v1alpha1","requiredAPIs":[{"api":"cloudscheduler.googleapis.com","reason":"Needed for scheduled functions."}]}
[debug] [2024-01-26T21:05:02.318Z] [work-queue] {"queuedWork":["/locus-68ed2/us-central1/testCounterInteractionsUpdateDaily-2024-01-26T21:05:02.318Z"],"queueLength":1,"runningWork":[],"workRunningCount":0}
[debug] [2024-01-26T21:05:02.319Z] [work-queue] {"queuedWork":[],"queueLength":0,"runningWork":["/locus-68ed2/us-central1/testCounterInteractionsUpdateDaily-2024-01-26T21:05:02.318Z"],"workRunningCount":1}
[debug] [2024-01-26T21:05:02.319Z] Accepted request GET /locus-68ed2/us-central1/testCounterInteractionsUpdateDaily --> us-central1-testCounterInteractionsUpdateDaily
[debug] [2024-01-26T21:05:02.330Z] [functions] Runtime ready! Sending request! {"metadata":{"emulator":{"name":"functions"},"message":"[functions] Runtime ready! Sending request!"}}
[debug] [2024-01-26T21:05:02.331Z] [functions] Got req.url=/locus-68ed2/us-central1/testCounterInteractionsUpdateDaily, mapping to path=/ {"metadata":{"emulator":{"name":"functions"},"message":"[functions] Got req.url=/locus-68ed2/us-central1/testCounterInteractionsUpdateDaily, mapping to path=/"}}
[debug] [2024-01-26T21:05:02.332Z] [worker-pool] submitRequest(triggerId=us-central1-testCounterInteractionsUpdateDaily) {"metadata":{"emulator":{"name":"functions"},"message":"[worker-pool] submitRequest(triggerId=us-central1-testCounterInteractionsUpdateDaily)"}}
[info] i  functions: Beginning execution of "us-central1-testCounterInteractionsUpdateDaily" {"metadata":{"emulator":{"name":"functions"},"function":{"name":"us-central1-testCounterInteractionsUpdateDaily"},"extension":{},"message":"Beginning execution of \"us-central1-testCounterInteractionsUpdateDaily\""}}
[debug] [2024-01-26T21:05:02.334Z] [worker-us-central1-testCounterInteractionsUpdateDaily-8ac0f7cb-ad0a-47ed-9197-dac3d51a713e]: BUSY {"metadata":{"emulator":{"name":"functions"},"function":{"name":"us-central1-testCounterInteractionsUpdateDaily"},"extension":{},"message":"[worker-us-central1-testCounterInteractionsUpdateDaily-8ac0f7cb-ad0a-47ed-9197-dac3d51a713e]: BUSY"}}
[debug] [2024-01-26T21:05:02.341Z] Finishing up request with event=pause {"metadata":{"emulator":{"name":"functions"},"function":{"name":"us-central1-testCounterInteractionsUpdateDaily"},"extension":{},"message":"Finishing up request with event=pause"}}
[info] i  functions: Finished "us-central1-testCounterInteractionsUpdateDaily" in 8.001584ms {"metadata":{"emulator":{"name":"functions"},"function":{"name":"us-central1-testCounterInteractionsUpdateDaily"},"extension":{},"message":"Finished \"us-central1-testCounterInteractionsUpdateDaily\" in 8.001584ms"}}
[debug] [2024-01-26T21:05:02.342Z] [worker-us-central1-testCounterInteractionsUpdateDaily-8ac0f7cb-ad0a-47ed-9197-dac3d51a713e]: IDLE {"metadata":{"emulator":{"name":"functions"},"function":{"name":"us-central1-testCounterInteractionsUpdateDaily"},"extension":{},"message":"[worker-us-central1-testCounterInteractionsUpdateDaily-8ac0f7cb-ad0a-47ed-9197-dac3d51a713e]: IDLE"}}
[debug] [2024-01-26T21:05:02.342Z] Finishing up request with event=finish {"metadata":{"emulator":{"name":"functions"},"function":{"name":"us-central1-testCounterInteractionsUpdateDaily"},"extension":{},"message":"Finishing up request with event=finish"}}
[debug] [2024-01-26T21:05:02.342Z] Finishing up request with event=close {"metadata":{"emulator":{"name":"functions"},"function":{"name":"us-central1-testCounterInteractionsUpdateDaily"},"extension":{},"message":"Finishing up request with event=close"}}
[debug] [2024-01-26T21:05:02.342Z] [work-queue] {"queuedWork":[],"queueLength":0,"runningWork":[],"workRunningCount":0}
[info] ✔  functions: Loaded functions definitions from source: counterInteractionsUpdateDaily, testCounterInteractionsUpdateDaily. {"metadata":{"emulator":{"name":"functions"},"message":"Loaded functions definitions from source: counterInteractionsUpdateDaily, testCounterInteractionsUpdateDaily."}}
[debug] [2024-01-26T21:05:04.173Z] [worker-pool] Shutting down IDLE worker (us-central1-testCounterInteractionsUpdateDaily) {"metadata":{"emulator":{"name":"functions"},"message":"[worker-pool] Shutting down IDLE worker (us-central1-testCounterInteractionsUpdateDaily)"}}
[debug] [2024-01-26T21:05:04.173Z] [worker-us-central1-testCounterInteractionsUpdateDaily-8ac0f7cb-ad0a-47ed-9197-dac3d51a713e]: FINISHING {"metadata":{"emulator":{"name":"functions"},"function":{"name":"us-central1-testCounterInteractionsUpdateDaily"},"extension":{},"message":"[worker-us-central1-testCounterInteractionsUpdateDaily-8ac0f7cb-ad0a-47ed-9197-dac3d51a713e]: FINISHING"}}
[debug] [2024-01-26T21:05:04.178Z] [worker-us-central1-testCounterInteractionsUpdateDaily-8ac0f7cb-ad0a-47ed-9197-dac3d51a713e]: exited {"metadata":{"emulator":{"name":"functions"},"function":{"name":"us-central1-testCounterInteractionsUpdateDaily"},"extension":{},"message":"[worker-us-central1-testCounterInteractionsUpdateDaily-8ac0f7cb-ad0a-47ed-9197-dac3d51a713e]: exited"}}
[debug] [2024-01-26T21:05:04.178Z] [worker-us-central1-testCounterInteractionsUpdateDaily-8ac0f7cb-ad0a-47ed-9197-dac3d51a713e]: FINISHED {"metadata":{"emulator":{"name":"functions"},"function":{"name":"us-central1-testCounterInteractionsUpdateDaily"},"extension":{},"message":"[worker-us-central1-testCounterInteractionsUpdateDaily-8ac0f7cb-ad0a-47ed-9197-dac3d51a713e]: FINISHED"}}
[debug] [2024-01-26T21:05:20.373Z] [work-queue] {"queuedWork":["/locus-68ed2/us-central1/testCounterInteractionsUpdateDaily-2024-01-26T21:05:20.373Z"],"queueLength":1,"runningWork":[],"workRunningCount":0}
[debug] [2024-01-26T21:05:20.374Z] [work-queue] {"queuedWork":[],"queueLength":0,"runningWork":["/locus-68ed2/us-central1/testCounterInteractionsUpdateDaily-2024-01-26T21:05:20.373Z"],"workRunningCount":1}
[debug] [2024-01-26T21:05:20.374Z] Accepted request GET /locus-68ed2/us-central1/testCounterInteractionsUpdateDaily --> us-central1-testCounterInteractionsUpdateDaily
[debug] [2024-01-26T21:05:20.381Z] [functions] Runtime ready! Sending request! {"metadata":{"emulator":{"name":"functions"},"message":"[functions] Runtime ready! Sending request!"}}
[debug] [2024-01-26T21:05:20.381Z] [functions] Got req.url=/locus-68ed2/us-central1/testCounterInteractionsUpdateDaily, mapping to path=/ {"metadata":{"emulator":{"name":"functions"},"message":"[functions] Got req.url=/locus-68ed2/us-central1/testCounterInteractionsUpdateDaily, mapping to path=/"}}
[debug] [2024-01-26T21:05:20.382Z] [worker-pool] Cleaned up workers for us-central1-testCounterInteractionsUpdateDaily: 1 --> 0 {"metadata":{"emulator":{"name":"functions"},"message":"[worker-pool] Cleaned up workers for us-central1-testCounterInteractionsUpdateDaily: 1 --> 0"}}
[debug] [2024-01-26T21:05:20.389Z] [worker-pool] addWorker(us-central1-testCounterInteractionsUpdateDaily) {"metadata":{"emulator":{"name":"functions"},"message":"[worker-pool] addWorker(us-central1-testCounterInteractionsUpdateDaily)"}}
[debug] [2024-01-26T21:05:20.391Z] [worker-pool] Adding worker with key us-central1-testCounterInteractionsUpdateDaily, total=1 {"metadata":{"emulator":{"name":"functions"},"message":"[worker-pool] Adding worker with key us-central1-testCounterInteractionsUpdateDaily, total=1"}}
[debug] [2024-01-26T21:05:20.932Z] [runtime-status] [4150] Resolved module firebase-admin {"declared":true,"installed":true,"version":"11.11.0","resolution":"/Users/vlad/Desktop/locus/functions/node_modules/firebase-admin/lib/index.js"} {"metadata":{"emulator":{"name":"functions"},"function":{"name":"us-central1-testCounterInteractionsUpdateDaily"},"extension":{},"message":"[runtime-status] [4150] Resolved module firebase-admin {\"declared\":true,\"installed\":true,\"version\":\"11.11.0\",\"resolution\":\"/Users/vlad/Desktop/locus/functions/node_modules/firebase-admin/lib/index.js\"}"}}
[debug] [2024-01-26T21:05:20.932Z] [runtime-status] [4150] Resolved module firebase-functions {"declared":true,"installed":true,"version":"4.5.0","resolution":"/Users/vlad/Desktop/locus/functions/node_modules/firebase-functions/lib/v1/index.js"} {"metadata":{"emulator":{"name":"functions"},"function":{"name":"us-central1-testCounterInteractionsUpdateDaily"},"extension":{},"message":"[runtime-status] [4150] Resolved module firebase-functions {\"declared\":true,\"installed\":true,\"version\":\"4.5.0\",\"resolution\":\"/Users/vlad/Desktop/locus/functions/node_modules/firebase-functions/lib/v1/index.js\"}"}}
[debug] [2024-01-26T21:05:20.932Z] [runtime-status] [4150] Outgoing network have been stubbed. [{"name":"http","status":"mocked"},{"name":"http","status":"mocked"},{"name":"https","status":"mocked"},{"name":"https","status":"mocked"},{"name":"net","status":"mocked"}] {"metadata":{"emulator":{"name":"functions"},"function":{"name":"us-central1-testCounterInteractionsUpdateDaily"},"extension":{},"message":"[runtime-status] [4150] Outgoing network have been stubbed. [{\"name\":\"http\",\"status\":\"mocked\"},{\"name\":\"http\",\"status\":\"mocked\"},{\"name\":\"https\",\"status\":\"mocked\"},{\"name\":\"https\",\"status\":\"mocked\"},{\"name\":\"net\",\"status\":\"mocked\"}]"}}
[debug] [2024-01-26T21:05:20.933Z] [runtime-status] [4150] Resolved module firebase-functions {"declared":true,"installed":true,"version":"4.5.0","resolution":"/Users/vlad/Desktop/locus/functions/node_modules/firebase-functions/lib/v1/index.js"} {"metadata":{"emulator":{"name":"functions"},"function":{"name":"us-central1-testCounterInteractionsUpdateDaily"},"extension":{},"message":"[runtime-status] [4150] Resolved module firebase-functions {\"declared\":true,\"installed\":true,\"version\":\"4.5.0\",\"resolution\":\"/Users/vlad/Desktop/locus/functions/node_modules/firebase-functions/lib/v1/index.js\"}"}}
[debug] [2024-01-26T21:05:21.041Z] [runtime-status] [4150] Checked functions.config() {"config":{}} {"metadata":{"emulator":{"name":"functions"},"function":{"name":"us-central1-testCounterInteractionsUpdateDaily"},"extension":{},"message":"[runtime-status] [4150] Checked functions.config() {\"config\":{}}"}}
[debug] [2024-01-26T21:05:21.041Z] [runtime-status] [4150] firebase-functions has been stubbed. {"functionsResolution":{"declared":true,"installed":true,"version":"4.5.0","resolution":"/Users/vlad/Desktop/locus/functions/node_modules/firebase-functions/lib/v1/index.js"}} {"metadata":{"emulator":{"name":"functions"},"function":{"name":"us-central1-testCounterInteractionsUpdateDaily"},"extension":{},"message":"[runtime-status] [4150] firebase-functions has been stubbed. {\"functionsResolution\":{\"declared\":true,\"installed\":true,\"version\":\"4.5.0\",\"resolution\":\"/Users/vlad/Desktop/locus/functions/node_modules/firebase-functions/lib/v1/index.js\"}}"}}
[debug] [2024-01-26T21:05:21.041Z] [runtime-status] [4150] Resolved module firebase-functions {"declared":true,"installed":true,"version":"4.5.0","resolution":"/Users/vlad/Desktop/locus/functions/node_modules/firebase-functions/lib/v1/index.js"} {"metadata":{"emulator":{"name":"functions"},"function":{"name":"us-central1-testCounterInteractionsUpdateDaily"},"extension":{},"message":"[runtime-status] [4150] Resolved module firebase-functions {\"declared\":true,\"installed\":true,\"version\":\"4.5.0\",\"resolution\":\"/Users/vlad/Desktop/locus/functions/node_modules/firebase-functions/lib/v1/index.js\"}"}}
[debug] [2024-01-26T21:05:21.042Z] [runtime-status] [4150] Resolved module firebase-admin {"declared":true,"installed":true,"version":"11.11.0","resolution":"/Users/vlad/Desktop/locus/functions/node_modules/firebase-admin/lib/index.js"} {"metadata":{"emulator":{"name":"functions"},"function":{"name":"us-central1-testCounterInteractionsUpdateDaily"},"extension":{},"message":"[runtime-status] [4150] Resolved module firebase-admin {\"declared\":true,\"installed\":true,\"version\":\"11.11.0\",\"resolution\":\"/Users/vlad/Desktop/locus/functions/node_modules/firebase-admin/lib/index.js\"}"}}
[debug] [2024-01-26T21:05:21.043Z] [runtime-status] [4150] Resolved module firebase-functions {"declared":true,"installed":true,"version":"4.5.0","resolution":"/Users/vlad/Desktop/locus/functions/node_modules/firebase-functions/lib/v1/index.js"} {"metadata":{"emulator":{"name":"functions"},"function":{"name":"us-central1-testCounterInteractionsUpdateDaily"},"extension":{},"message":"[runtime-status] [4150] Resolved module firebase-functions {\"declared\":true,\"installed\":true,\"version\":\"4.5.0\",\"resolution\":\"/Users/vlad/Desktop/locus/functions/node_modules/firebase-functions/lib/v1/index.js\"}"}}
[debug] [2024-01-26T21:05:21.043Z] [runtime-status] [4150] firebase-admin has been stubbed. {"adminResolution":{"declared":true,"installed":true,"version":"11.11.0","resolution":"/Users/vlad/Desktop/locus/functions/node_modules/firebase-admin/lib/index.js"}} {"metadata":{"emulator":{"name":"functions"},"function":{"name":"us-central1-testCounterInteractionsUpdateDaily"},"extension":{},"message":"[runtime-status] [4150] firebase-admin has been stubbed. {\"adminResolution\":{\"declared\":true,\"installed\":true,\"version\":\"11.11.0\",\"resolution\":\"/Users/vlad/Desktop/locus/functions/node_modules/firebase-admin/lib/index.js\"}}"}}
[debug] [2024-01-26T21:05:21.050Z] [runtime-status] [4150] Functions runtime initialized. {"cwd":"/Users/vlad/Desktop/locus/functions","node_version":"20.7.0"} {"metadata":{"emulator":{"name":"functions"},"function":{"name":"us-central1-testCounterInteractionsUpdateDaily"},"extension":{},"message":"[runtime-status] [4150] Functions runtime initialized. {\"cwd\":\"/Users/vlad/Desktop/locus/functions\",\"node_version\":\"20.7.0\"}"}}
[debug] [2024-01-26T21:05:21.050Z] [runtime-status] [4150] Listening to port: /var/folders/7r/_xscv_jj70z58lvz0hcb74h40000gn/T/fire_emu_12a5194946c78c5f.sock {"metadata":{"emulator":{"name":"functions"},"function":{"name":"us-central1-testCounterInteractionsUpdateDaily"},"extension":{},"message":"[runtime-status] [4150] Listening to port: /var/folders/7r/_xscv_jj70z58lvz0hcb74h40000gn/T/fire_emu_12a5194946c78c5f.sock"}}
[debug] [2024-01-26T21:05:21.107Z] [worker-us-central1-testCounterInteractionsUpdateDaily-1e429f2a-a00d-4a48-a369-c9f903e7edd7]: IDLE {"metadata":{"emulator":{"name":"functions"},"function":{"name":"us-central1-testCounterInteractionsUpdateDaily"},"extension":{},"message":"[worker-us-central1-testCounterInteractionsUpdateDaily-1e429f2a-a00d-4a48-a369-c9f903e7edd7]: IDLE"}}
[debug] [2024-01-26T21:05:21.107Z] [worker-pool] submitRequest(triggerId=us-central1-testCounterInteractionsUpdateDaily) {"metadata":{"emulator":{"name":"functions"},"message":"[worker-pool] submitRequest(triggerId=us-central1-testCounterInteractionsUpdateDaily)"}}
[info] i  functions: Beginning execution of "us-central1-testCounterInteractionsUpdateDaily" {"metadata":{"emulator":{"name":"functions"},"function":{"name":"us-central1-testCounterInteractionsUpdateDaily"},"extension":{},"message":"Beginning execution of \"us-central1-testCounterInteractionsUpdateDaily\""}}
[debug] [2024-01-26T21:05:21.107Z] [worker-us-central1-testCounterInteractionsUpdateDaily-1e429f2a-a00d-4a48-a369-c9f903e7edd7]: BUSY {"metadata":{"emulator":{"name":"functions"},"function":{"name":"us-central1-testCounterInteractionsUpdateDaily"},"extension":{},"message":"[worker-us-central1-testCounterInteractionsUpdateDaily-1e429f2a-a00d-4a48-a369-c9f903e7edd7]: BUSY"}}
[debug] [2024-01-26T21:05:21.110Z] Finishing up request with event=pause {"metadata":{"emulator":{"name":"functions"},"function":{"name":"us-central1-testCounterInteractionsUpdateDaily"},"extension":{},"message":"Finishing up request with event=pause"}}
[info] i  functions: Finished "us-central1-testCounterInteractionsUpdateDaily" in 2.498125ms {"metadata":{"emulator":{"name":"functions"},"function":{"name":"us-central1-testCounterInteractionsUpdateDaily"},"extension":{},"message":"Finished \"us-central1-testCounterInteractionsUpdateDaily\" in 2.498125ms"}}
[debug] [2024-01-26T21:05:21.110Z] [worker-us-central1-testCounterInteractionsUpdateDaily-1e429f2a-a00d-4a48-a369-c9f903e7edd7]: IDLE {"metadata":{"emulator":{"name":"functions"},"function":{"name":"us-central1-testCounterInteractionsUpdateDaily"},"extension":{},"message":"[worker-us-central1-testCounterInteractionsUpdateDaily-1e429f2a-a00d-4a48-a369-c9f903e7edd7]: IDLE"}}
[debug] [2024-01-26T21:05:21.110Z] Finishing up request with event=finish {"metadata":{"emulator":{"name":"functions"},"function":{"name":"us-central1-testCounterInteractionsUpdateDaily"},"extension":{},"message":"Finishing up request with event=finish"}}
[debug] [2024-01-26T21:05:21.110Z] Finishing up request with event=close {"metadata":{"emulator":{"name":"functions"},"function":{"name":"us-central1-testCounterInteractionsUpdateDaily"},"extension":{},"message":"Finishing up request with event=close"}}
[debug] [2024-01-26T21:05:21.110Z] [work-queue] {"queuedWork":[],"queueLength":0,"runningWork":[],"workRunningCount":0}
[debug] [2024-01-26T21:05:31.130Z] [work-queue] {"queuedWork":["/locus-68ed2/us-central1/testCounterInteractionsUpdateDaily-2024-01-26T21:05:31.130Z"],"queueLength":1,"runningWork":[],"workRunningCount":0}
[debug] [2024-01-26T21:05:31.131Z] [work-queue] {"queuedWork":[],"queueLength":0,"runningWork":["/locus-68ed2/us-central1/testCounterInteractionsUpdateDaily-2024-01-26T21:05:31.130Z"],"workRunningCount":1}
[debug] [2024-01-26T21:05:31.131Z] Accepted request GET /locus-68ed2/us-central1/testCounterInteractionsUpdateDaily --> us-central1-testCounterInteractionsUpdateDaily
[debug] [2024-01-26T21:05:31.140Z] [functions] Runtime ready! Sending request! {"metadata":{"emulator":{"name":"functions"},"message":"[functions] Runtime ready! Sending request!"}}
[debug] [2024-01-26T21:05:31.143Z] [functions] Got req.url=/locus-68ed2/us-central1/testCounterInteractionsUpdateDaily, mapping to path=/ {"metadata":{"emulator":{"name":"functions"},"message":"[functions] Got req.url=/locus-68ed2/us-central1/testCounterInteractionsUpdateDaily, mapping to path=/"}}
[debug] [2024-01-26T21:05:31.144Z] [worker-pool] submitRequest(triggerId=us-central1-testCounterInteractionsUpdateDaily) {"metadata":{"emulator":{"name":"functions"},"message":"[worker-pool] submitRequest(triggerId=us-central1-testCounterInteractionsUpdateDaily)"}}
[info] i  functions: Beginning execution of "us-central1-testCounterInteractionsUpdateDaily" {"metadata":{"emulator":{"name":"functions"},"function":{"name":"us-central1-testCounterInteractionsUpdateDaily"},"extension":{},"message":"Beginning execution of \"us-central1-testCounterInteractionsUpdateDaily\""}}
[debug] [2024-01-26T21:05:31.145Z] [worker-us-central1-testCounterInteractionsUpdateDaily-1e429f2a-a00d-4a48-a369-c9f903e7edd7]: BUSY {"metadata":{"emulator":{"name":"functions"},"function":{"name":"us-central1-testCounterInteractionsUpdateDaily"},"extension":{},"message":"[worker-us-central1-testCounterInteractionsUpdateDaily-1e429f2a-a00d-4a48-a369-c9f903e7edd7]: BUSY"}}
[debug] [2024-01-26T21:05:31.150Z] Finishing up request with event=pause {"metadata":{"emulator":{"name":"functions"},"function":{"name":"us-central1-testCounterInteractionsUpdateDaily"},"extension":{},"message":"Finishing up request with event=pause"}}
[info] i  functions: Finished "us-central1-testCounterInteractionsUpdateDaily" in 5.885875ms {"metadata":{"emulator":{"name":"functions"},"function":{"name":"us-central1-testCounterInteractionsUpdateDaily"},"extension":{},"message":"Finished \"us-central1-testCounterInteractionsUpdateDaily\" in 5.885875ms"}}
[debug] [2024-01-26T21:05:31.151Z] [worker-us-central1-testCounterInteractionsUpdateDaily-1e429f2a-a00d-4a48-a369-c9f903e7edd7]: IDLE {"metadata":{"emulator":{"name":"functions"},"function":{"name":"us-central1-testCounterInteractionsUpdateDaily"},"extension":{},"message":"[worker-us-central1-testCounterInteractionsUpdateDaily-1e429f2a-a00d-4a48-a369-c9f903e7edd7]: IDLE"}}
[debug] [2024-01-26T21:05:31.151Z] Finishing up request with event=finish {"metadata":{"emulator":{"name":"functions"},"function":{"name":"us-central1-testCounterInteractionsUpdateDaily"},"extension":{},"message":"Finishing up request with event=finish"}}
[debug] [2024-01-26T21:05:31.151Z] Finishing up request with event=close {"metadata":{"emulator":{"name":"functions"},"function":{"name":"us-central1-testCounterInteractionsUpdateDaily"},"extension":{},"message":"Finishing up request with event=close"}}
[debug] [2024-01-26T21:05:31.151Z] [work-queue] {"queuedWork":[],"queueLength":0,"runningWork":[],"workRunningCount":0}
[debug] [2024-01-26T21:07:00.396Z] [work-queue] {"queuedWork":["/locus-68ed2/us-central1/testCounterInteractionsUpdateDaily-2024-01-26T21:07:00.396Z"],"queueLength":1,"runningWork":[],"workRunningCount":0}
[debug] [2024-01-26T21:07:00.396Z] [work-queue] {"queuedWork":[],"queueLength":0,"runningWork":["/locus-68ed2/us-central1/testCounterInteractionsUpdateDaily-2024-01-26T21:07:00.396Z"],"workRunningCount":1}
[debug] [2024-01-26T21:07:00.396Z] Accepted request GET /locus-68ed2/us-central1/testCounterInteractionsUpdateDaily --> us-central1-testCounterInteractionsUpdateDaily
[debug] [2024-01-26T21:07:00.401Z] [functions] Runtime ready! Sending request! {"metadata":{"emulator":{"name":"functions"},"message":"[functions] Runtime ready! Sending request!"}}
[debug] [2024-01-26T21:07:00.402Z] [functions] Got req.url=/locus-68ed2/us-central1/testCounterInteractionsUpdateDaily, mapping to path=/ {"metadata":{"emulator":{"name":"functions"},"message":"[functions] Got req.url=/locus-68ed2/us-central1/testCounterInteractionsUpdateDaily, mapping to path=/"}}
[debug] [2024-01-26T21:07:00.402Z] [worker-pool] submitRequest(triggerId=us-central1-testCounterInteractionsUpdateDaily) {"metadata":{"emulator":{"name":"functions"},"message":"[worker-pool] submitRequest(triggerId=us-central1-testCounterInteractionsUpdateDaily)"}}
[info] i  functions: Beginning execution of "us-central1-testCounterInteractionsUpdateDaily" {"metadata":{"emulator":{"name":"functions"},"function":{"name":"us-central1-testCounterInteractionsUpdateDaily"},"extension":{},"message":"Beginning execution of \"us-central1-testCounterInteractionsUpdateDaily\""}}
[debug] [2024-01-26T21:07:00.403Z] [worker-us-central1-testCounterInteractionsUpdateDaily-1e429f2a-a00d-4a48-a369-c9f903e7edd7]: BUSY {"metadata":{"emulator":{"name":"functions"},"function":{"name":"us-central1-testCounterInteractionsUpdateDaily"},"extension":{},"message":"[worker-us-central1-testCounterInteractionsUpdateDaily-1e429f2a-a00d-4a48-a369-c9f903e7edd7]: BUSY"}}
[debug] [2024-01-26T21:07:00.412Z] Finishing up request with event=pause {"metadata":{"emulator":{"name":"functions"},"function":{"name":"us-central1-testCounterInteractionsUpdateDaily"},"extension":{},"message":"Finishing up request with event=pause"}}
[info] i  functions: Finished "us-central1-testCounterInteractionsUpdateDaily" in 9.958667ms {"metadata":{"emulator":{"name":"functions"},"function":{"name":"us-central1-testCounterInteractionsUpdateDaily"},"extension":{},"message":"Finished \"us-central1-testCounterInteractionsUpdateDaily\" in 9.958667ms"}}
[debug] [2024-01-26T21:07:00.414Z] [worker-us-central1-testCounterInteractionsUpdateDaily-1e429f2a-a00d-4a48-a369-c9f903e7edd7]: IDLE {"metadata":{"emulator":{"name":"functions"},"function":{"name":"us-central1-testCounterInteractionsUpdateDaily"},"extension":{},"message":"[worker-us-central1-testCounterInteractionsUpdateDaily-1e429f2a-a00d-4a48-a369-c9f903e7edd7]: IDLE"}}
[debug] [2024-01-26T21:07:00.414Z] Finishing up request with event=finish {"metadata":{"emulator":{"name":"functions"},"function":{"name":"us-central1-testCounterInteractionsUpdateDaily"},"extension":{},"message":"Finishing up request with event=finish"}}
[debug] [2024-01-26T21:07:00.414Z] Finishing up request with event=close {"metadata":{"emulator":{"name":"functions"},"function":{"name":"us-central1-testCounterInteractionsUpdateDaily"},"extension":{},"message":"Finishing up request with event=close"}}
[debug] [2024-01-26T21:07:00.414Z] [work-queue] {"queuedWork":[],"queueLength":0,"runningWork":[],"workRunningCount":0}
[debug] [2024-01-26T21:08:58.806Z] [work-queue] {"queuedWork":["/locus-68ed2/us-central1/testCounterInteractionsUpdateDaily-2024-01-26T21:08:58.806Z"],"queueLength":1,"runningWork":[],"workRunningCount":0}
[debug] [2024-01-26T21:08:58.807Z] [work-queue] {"queuedWork":[],"queueLength":0,"runningWork":["/locus-68ed2/us-central1/testCounterInteractionsUpdateDaily-2024-01-26T21:08:58.806Z"],"workRunningCount":1}
[debug] [2024-01-26T21:08:58.807Z] Accepted request GET /locus-68ed2/us-central1/testCounterInteractionsUpdateDaily --> us-central1-testCounterInteractionsUpdateDaily
[debug] [2024-01-26T21:08:58.812Z] [functions] Runtime ready! Sending request! {"metadata":{"emulator":{"name":"functions"},"message":"[functions] Runtime ready! Sending request!"}}
[debug] [2024-01-26T21:08:58.813Z] [functions] Got req.url=/locus-68ed2/us-central1/testCounterInteractionsUpdateDaily, mapping to path=/ {"metadata":{"emulator":{"name":"functions"},"message":"[functions] Got req.url=/locus-68ed2/us-central1/testCounterInteractionsUpdateDaily, mapping to path=/"}}
[debug] [2024-01-26T21:08:58.813Z] [worker-pool] submitRequest(triggerId=us-central1-testCounterInteractionsUpdateDaily) {"metadata":{"emulator":{"name":"functions"},"message":"[worker-pool] submitRequest(triggerId=us-central1-testCounterInteractionsUpdateDaily)"}}
[info] i  functions: Beginning execution of "us-central1-testCounterInteractionsUpdateDaily" {"metadata":{"emulator":{"name":"functions"},"function":{"name":"us-central1-testCounterInteractionsUpdateDaily"},"extension":{},"message":"Beginning execution of \"us-central1-testCounterInteractionsUpdateDaily\""}}
[debug] [2024-01-26T21:08:58.814Z] [worker-us-central1-testCounterInteractionsUpdateDaily-1e429f2a-a00d-4a48-a369-c9f903e7edd7]: BUSY {"metadata":{"emulator":{"name":"functions"},"function":{"name":"us-central1-testCounterInteractionsUpdateDaily"},"extension":{},"message":"[worker-us-central1-testCounterInteractionsUpdateDaily-1e429f2a-a00d-4a48-a369-c9f903e7edd7]: BUSY"}}
[debug] [2024-01-26T21:08:58.823Z] Finishing up request with event=pause {"metadata":{"emulator":{"name":"functions"},"function":{"name":"us-central1-testCounterInteractionsUpdateDaily"},"extension":{},"message":"Finishing up request with event=pause"}}
[info] i  functions: Finished "us-central1-testCounterInteractionsUpdateDaily" in 8.548042ms {"metadata":{"emulator":{"name":"functions"},"function":{"name":"us-central1-testCounterInteractionsUpdateDaily"},"extension":{},"message":"Finished \"us-central1-testCounterInteractionsUpdateDaily\" in 8.548042ms"}}
[debug] [2024-01-26T21:08:58.824Z] [worker-us-central1-testCounterInteractionsUpdateDaily-1e429f2a-a00d-4a48-a369-c9f903e7edd7]: IDLE {"metadata":{"emulator":{"name":"functions"},"function":{"name":"us-central1-testCounterInteractionsUpdateDaily"},"extension":{},"message":"[worker-us-central1-testCounterInteractionsUpdateDaily-1e429f2a-a00d-4a48-a369-c9f903e7edd7]: IDLE"}}
[debug] [2024-01-26T21:08:58.824Z] Finishing up request with event=finish {"metadata":{"emulator":{"name":"functions"},"function":{"name":"us-central1-testCounterInteractionsUpdateDaily"},"extension":{},"message":"Finishing up request with event=finish"}}
[debug] [2024-01-26T21:08:58.824Z] Finishing up request with event=close {"metadata":{"emulator":{"name":"functions"},"function":{"name":"us-central1-testCounterInteractionsUpdateDaily"},"extension":{},"message":"Finishing up request with event=close"}}
[debug] [2024-01-26T21:08:58.824Z] [work-queue] {"queuedWork":[],"queueLength":0,"runningWork":[],"workRunningCount":0}
[debug] [2024-01-26T23:11:50.832Z] [work-queue] {"queuedWork":["/locus-68ed2/us-central1/testCounterInteractionsUpdateDaily-2024-01-26T23:11:50.831Z"],"queueLength":1,"runningWork":[],"workRunningCount":0}
[debug] [2024-01-26T23:11:50.840Z] [work-queue] {"queuedWork":[],"queueLength":0,"runningWork":["/locus-68ed2/us-central1/testCounterInteractionsUpdateDaily-2024-01-26T23:11:50.831Z"],"workRunningCount":1}
[debug] [2024-01-26T23:11:50.840Z] Accepted request GET /locus-68ed2/us-central1/testCounterInteractionsUpdateDaily --> us-central1-testCounterInteractionsUpdateDaily
[debug] [2024-01-26T23:11:50.852Z] [functions] Runtime ready! Sending request! {"metadata":{"emulator":{"name":"functions"},"message":"[functions] Runtime ready! Sending request!"}}
[debug] [2024-01-26T23:11:50.852Z] [functions] Got req.url=/locus-68ed2/us-central1/testCounterInteractionsUpdateDaily, mapping to path=/ {"metadata":{"emulator":{"name":"functions"},"message":"[functions] Got req.url=/locus-68ed2/us-central1/testCounterInteractionsUpdateDaily, mapping to path=/"}}
[debug] [2024-01-26T23:11:50.853Z] [worker-pool] submitRequest(triggerId=us-central1-testCounterInteractionsUpdateDaily) {"metadata":{"emulator":{"name":"functions"},"message":"[worker-pool] submitRequest(triggerId=us-central1-testCounterInteractionsUpdateDaily)"}}
[info] i  functions: Beginning execution of "us-central1-testCounterInteractionsUpdateDaily" {"metadata":{"emulator":{"name":"functions"},"function":{"name":"us-central1-testCounterInteractionsUpdateDaily"},"extension":{},"message":"Beginning execution of \"us-central1-testCounterInteractionsUpdateDaily\""}}
[debug] [2024-01-26T23:11:50.854Z] [worker-us-central1-testCounterInteractionsUpdateDaily-1e429f2a-a00d-4a48-a369-c9f903e7edd7]: BUSY {"metadata":{"emulator":{"name":"functions"},"function":{"name":"us-central1-testCounterInteractionsUpdateDaily"},"extension":{},"message":"[worker-us-central1-testCounterInteractionsUpdateDaily-1e429f2a-a00d-4a48-a369-c9f903e7edd7]: BUSY"}}
[debug] [2024-01-26T23:11:50.860Z] Finishing up request with event=pause {"metadata":{"emulator":{"name":"functions"},"function":{"name":"us-central1-testCounterInteractionsUpdateDaily"},"extension":{},"message":"Finishing up request with event=pause"}}
[info] i  functions: Finished "us-central1-testCounterInteractionsUpdateDaily" in 6.539958ms {"metadata":{"emulator":{"name":"functions"},"function":{"name":"us-central1-testCounterInteractionsUpdateDaily"},"extension":{},"message":"Finished \"us-central1-testCounterInteractionsUpdateDaily\" in 6.539958ms"}}
[debug] [2024-01-26T23:11:50.861Z] [worker-us-central1-testCounterInteractionsUpdateDaily-1e429f2a-a00d-4a48-a369-c9f903e7edd7]: IDLE {"metadata":{"emulator":{"name":"functions"},"function":{"name":"us-central1-testCounterInteractionsUpdateDaily"},"extension":{},"message":"[worker-us-central1-testCounterInteractionsUpdateDaily-1e429f2a-a00d-4a48-a369-c9f903e7edd7]: IDLE"}}
[debug] [2024-01-26T23:11:50.861Z] Finishing up request with event=finish {"metadata":{"emulator":{"name":"functions"},"function":{"name":"us-central1-testCounterInteractionsUpdateDaily"},"extension":{},"message":"Finishing up request with event=finish"}}
[debug] [2024-01-26T23:11:50.861Z] Finishing up request with event=close {"metadata":{"emulator":{"name":"functions"},"function":{"name":"us-central1-testCounterInteractionsUpdateDaily"},"extension":{},"message":"Finishing up request with event=close"}}
[debug] [2024-01-26T23:11:50.861Z] [work-queue] {"queuedWork":[],"queueLength":0,"runningWork":[],"workRunningCount":0}
[debug] [2024-01-26T23:12:14.971Z] [work-queue] {"queuedWork":["/locus-68ed2/us-central1/testCounterInteractionsUpdateDaily-2024-01-26T23:12:14.971Z"],"queueLength":1,"runningWork":[],"workRunningCount":0}
[debug] [2024-01-26T23:12:14.971Z] [work-queue] {"queuedWork":[],"queueLength":0,"runningWork":["/locus-68ed2/us-central1/testCounterInteractionsUpdateDaily-2024-01-26T23:12:14.971Z"],"workRunningCount":1}
[debug] [2024-01-26T23:12:14.971Z] Accepted request GET /locus-68ed2/us-central1/testCounterInteractionsUpdateDaily --> us-central1-testCounterInteractionsUpdateDaily
[debug] [2024-01-26T23:12:14.975Z] [functions] Runtime ready! Sending request! {"metadata":{"emulator":{"name":"functions"},"message":"[functions] Runtime ready! Sending request!"}}
[debug] [2024-01-26T23:12:14.976Z] [functions] Got req.url=/locus-68ed2/us-central1/testCounterInteractionsUpdateDaily, mapping to path=/ {"metadata":{"emulator":{"name":"functions"},"message":"[functions] Got req.url=/locus-68ed2/us-central1/testCounterInteractionsUpdateDaily, mapping to path=/"}}
[debug] [2024-01-26T23:12:14.976Z] [worker-pool] submitRequest(triggerId=us-central1-testCounterInteractionsUpdateDaily) {"metadata":{"emulator":{"name":"functions"},"message":"[worker-pool] submitRequest(triggerId=us-central1-testCounterInteractionsUpdateDaily)"}}
[info] i  functions: Beginning execution of "us-central1-testCounterInteractionsUpdateDaily" {"metadata":{"emulator":{"name":"functions"},"function":{"name":"us-central1-testCounterInteractionsUpdateDaily"},"extension":{},"message":"Beginning execution of \"us-central1-testCounterInteractionsUpdateDaily\""}}
[debug] [2024-01-26T23:12:14.979Z] [worker-us-central1-testCounterInteractionsUpdateDaily-1e429f2a-a00d-4a48-a369-c9f903e7edd7]: BUSY {"metadata":{"emulator":{"name":"functions"},"function":{"name":"us-central1-testCounterInteractionsUpdateDaily"},"extension":{},"message":"[worker-us-central1-testCounterInteractionsUpdateDaily-1e429f2a-a00d-4a48-a369-c9f903e7edd7]: BUSY"}}
[debug] [2024-01-26T23:12:14.987Z] Finishing up request with event=pause {"metadata":{"emulator":{"name":"functions"},"function":{"name":"us-central1-testCounterInteractionsUpdateDaily"},"extension":{},"message":"Finishing up request with event=pause"}}
[info] i  functions: Finished "us-central1-testCounterInteractionsUpdateDaily" in 9.283083ms {"metadata":{"emulator":{"name":"functions"},"function":{"name":"us-central1-testCounterInteractionsUpdateDaily"},"extension":{},"message":"Finished \"us-central1-testCounterInteractionsUpdateDaily\" in 9.283083ms"}}
[debug] [2024-01-26T23:12:14.989Z] [worker-us-central1-testCounterInteractionsUpdateDaily-1e429f2a-a00d-4a48-a369-c9f903e7edd7]: IDLE {"metadata":{"emulator":{"name":"functions"},"function":{"name":"us-central1-testCounterInteractionsUpdateDaily"},"extension":{},"message":"[worker-us-central1-testCounterInteractionsUpdateDaily-1e429f2a-a00d-4a48-a369-c9f903e7edd7]: IDLE"}}
[debug] [2024-01-26T23:12:14.989Z] Finishing up request with event=finish {"metadata":{"emulator":{"name":"functions"},"function":{"name":"us-central1-testCounterInteractionsUpdateDaily"},"extension":{},"message":"Finishing up request with event=finish"}}
[debug] [2024-01-26T23:12:14.989Z] Finishing up request with event=close {"metadata":{"emulator":{"name":"functions"},"function":{"name":"us-central1-testCounterInteractionsUpdateDaily"},"extension":{},"message":"Finishing up request with event=close"}}
[debug] [2024-01-26T23:12:14.989Z] [work-queue] {"queuedWork":[],"queueLength":0,"runningWork":[],"workRunningCount":0}
